2020-07-22 09:33:13,016 [main] INFO  vegas.env - 
-=[vegas started successfully using the development profile]=- 
2020-07-22 09:33:13,623 [main] DEBUG org.jboss.logging - Logging Provider: org.jboss.logging.Slf4jLoggerProvider 
2020-07-22 09:33:13,639 [main] INFO  io.undertow - starting server: Undertow - 2.1.3.Final 
2020-07-22 09:33:13,661 [main] INFO  org.xnio - XNIO version 3.8.0.Final 
2020-07-22 09:33:13,836 [main] INFO  org.jboss.threads - JBoss Threads version 3.1.0.Final 
2020-07-22 09:33:13,871 [main] DEBUG io.undertow - Configuring listener with protocol HTTP for interface 0.0.0.0 and port 4000 
2020-07-22 09:33:13,931 [main] INFO  luminus.http-server - server started on port 4000 
2020-07-22 09:33:13,932 [main] INFO  vegas.nrepl - starting nREPL server on port 7000 
2020-07-22 09:33:13,937 [main] ERROR vegas.nrepl - failed to start nREPL 
java.net.BindException: Address already in use: JVM_Bind
	at java.net.DualStackPlainSocketImpl.bind0(Native Method)
	at java.net.DualStackPlainSocketImpl.socketBind(DualStackPlainSocketImpl.java:106)
	at java.net.AbstractPlainSocketImpl.bind(AbstractPlainSocketImpl.java:387)
	at java.net.PlainSocketImpl.bind(PlainSocketImpl.java:190)
	at java.net.ServerSocket.bind(ServerSocket.java:390)
	at java.net.ServerSocket.bind(ServerSocket.java:344)
	at nrepl.server$start_server.invokeStatic(server.clj:142)
	at nrepl.server$start_server.doInvoke(server.clj:109)
	at clojure.lang.RestFn.invoke(RestFn.java:1096)
	at vegas.nrepl$start.invokeStatic(nrepl.clj:14)
	at vegas.nrepl$start.invoke(nrepl.clj:6)
	at vegas.core$eval12775$fn__12776.invoke(core.clj:37)
	at mount.core$record_BANG_.invokeStatic(core.cljc:74)
	at mount.core$record_BANG_.invoke(core.cljc:73)
	at mount.core$up$fn__441.invoke(core.cljc:81)
	at mount.core$up.invokeStatic(core.cljc:80)
	at mount.core$up.invoke(core.cljc:78)
	at mount.core$bring.invokeStatic(core.cljc:247)
	at mount.core$bring.invoke(core.cljc:239)
	at mount.core$start.invokeStatic(core.cljc:289)
	at mount.core$start.doInvoke(core.cljc:281)
	at clojure.lang.RestFn.invoke(RestFn.java:397)
	at mount.core$start_with_args.invokeStatic(core.cljc:389)
	at mount.core$start_with_args.doInvoke(core.cljc:385)
	at clojure.lang.RestFn.invoke(RestFn.java:410)
	at vegas.core$start_app.invokeStatic(core.clj:50)
	at vegas.core$start_app.invoke(core.clj:49)
	at vegas.core$_main.invokeStatic(core.clj:58)
	at vegas.core$_main.doInvoke(core.clj:57)
	at clojure.lang.RestFn.invoke(RestFn.java:397)
	at clojure.lang.Var.invoke(Var.java:380)
	at user$eval12921.invokeStatic(form-init955233177816060018.clj:1)
	at user$eval12921.invoke(form-init955233177816060018.clj:1)
	at clojure.lang.Compiler.eval(Compiler.java:7177)
	at clojure.lang.Compiler.eval(Compiler.java:7167)
	at clojure.lang.Compiler.load(Compiler.java:7636)
	at clojure.lang.Compiler.loadFile(Compiler.java:7574)
	at clojure.main$load_script.invokeStatic(main.clj:475)
	at clojure.main$init_opt.invokeStatic(main.clj:477)
	at clojure.main$init_opt.invoke(main.clj:477)
	at clojure.main$initialize.invokeStatic(main.clj:508)
	at clojure.main$null_opt.invokeStatic(main.clj:542)
	at clojure.main$null_opt.invoke(main.clj:539)
	at clojure.main$main.invokeStatic(main.clj:664)
	at clojure.main$main.doInvoke(main.clj:616)
	at clojure.lang.RestFn.applyTo(RestFn.java:137)
	at clojure.lang.Var.applyTo(Var.java:705)
	at clojure.main.main(main.java:40)
2020-07-22 09:34:07,013 [main] INFO  vegas.env - 
-=[vegas started successfully using the development profile]=- 
2020-07-22 09:34:07,652 [main] DEBUG org.jboss.logging - Logging Provider: org.jboss.logging.Slf4jLoggerProvider 
2020-07-22 09:34:07,665 [main] INFO  io.undertow - starting server: Undertow - 2.1.3.Final 
2020-07-22 09:34:07,688 [main] INFO  org.xnio - XNIO version 3.8.0.Final 
2020-07-22 09:34:07,834 [main] INFO  org.jboss.threads - JBoss Threads version 3.1.0.Final 
2020-07-22 09:34:07,870 [main] DEBUG io.undertow - Configuring listener with protocol HTTP for interface 0.0.0.0 and port 4000 
2020-07-22 09:34:07,931 [main] INFO  luminus.http-server - server started on port 4000 
2020-07-22 09:34:07,931 [main] INFO  vegas.nrepl - starting nREPL server on port 7000 
2020-07-22 09:34:07,955 [main] INFO  vegas.core - #'vegas.config/env started 
2020-07-22 09:34:07,955 [main] INFO  vegas.core - #'vegas.handler/init-app started 
2020-07-22 09:34:07,955 [main] INFO  vegas.core - #'vegas.handler/app-routes started 
2020-07-22 09:34:07,956 [main] INFO  vegas.core - #'vegas.core/http-server started 
2020-07-22 09:34:07,956 [main] INFO  vegas.core - #'vegas.core/repl-server started 
2020-07-22 09:34:44,723 [main] DEBUG org.jboss.logging - Logging Provider: org.jboss.logging.Slf4jLoggerProvider 
2020-07-22 09:34:45,514 [main] INFO  io.undertow - starting server: Undertow - 2.1.3.Final 
2020-07-22 09:34:45,530 [main] INFO  org.xnio - XNIO version 3.8.0.Final 
2020-07-22 09:34:45,636 [main] INFO  org.jboss.threads - JBoss Threads version 3.1.0.Final 
2020-07-22 09:34:45,656 [main] DEBUG io.undertow - Configuring listener with protocol HTTP for interface 0.0.0.0 and port 9630 
2020-07-22 09:37:08,519 [main] DEBUG org.jboss.logging - Logging Provider: org.jboss.logging.Slf4jLoggerProvider 
2020-07-22 09:37:09,259 [main] INFO  io.undertow - starting server: Undertow - 2.1.3.Final 
2020-07-22 09:37:09,275 [main] INFO  org.xnio - XNIO version 3.8.0.Final 
2020-07-22 09:37:09,381 [main] INFO  org.jboss.threads - JBoss Threads version 3.1.0.Final 
2020-07-22 09:37:09,403 [main] DEBUG io.undertow - Configuring listener with protocol HTTP for interface 0.0.0.0 and port 9630 
2020-07-22 09:38:38,243 [main] DEBUG org.jboss.logging - Logging Provider: org.jboss.logging.Slf4jLoggerProvider 
2020-07-22 09:38:38,999 [main] INFO  io.undertow - starting server: Undertow - 2.1.3.Final 
2020-07-22 09:38:39,013 [main] INFO  org.xnio - XNIO version 3.8.0.Final 
2020-07-22 09:38:39,117 [main] INFO  org.jboss.threads - JBoss Threads version 3.1.0.Final 
2020-07-22 09:38:39,135 [main] DEBUG io.undertow - Configuring listener with protocol HTTP for interface 0.0.0.0 and port 9630 
2020-07-22 09:40:18,950 [main] DEBUG org.jboss.logging - Logging Provider: org.jboss.logging.Slf4jLoggerProvider 
2020-07-22 09:40:19,761 [main] INFO  io.undertow - starting server: Undertow - 2.1.3.Final 
2020-07-22 09:40:19,779 [main] INFO  org.xnio - XNIO version 3.8.0.Final 
2020-07-22 09:40:19,898 [main] INFO  org.jboss.threads - JBoss Threads version 3.1.0.Final 
2020-07-22 09:40:19,918 [main] DEBUG io.undertow - Configuring listener with protocol HTTP for interface 0.0.0.0 and port 9630 
2020-07-22 09:41:18,577 [main] DEBUG org.jboss.logging - Logging Provider: org.jboss.logging.Slf4jLoggerProvider 
2020-07-22 09:41:19,288 [main] INFO  io.undertow - starting server: Undertow - 2.1.3.Final 
2020-07-22 09:41:19,304 [main] INFO  org.xnio - XNIO version 3.8.0.Final 
2020-07-22 09:41:19,411 [main] INFO  org.jboss.threads - JBoss Threads version 3.1.0.Final 
2020-07-22 09:41:19,432 [main] DEBUG io.undertow - Configuring listener with protocol HTTP for interface 0.0.0.0 and port 9630 
2020-07-22 09:43:25,868 [XNIO-1 I/O-3] DEBUG i.undertow.websockets.core.extension - Negotiated extension WebSocketExtension{name='permessage-deflate', parameters=[]} for handshake WebSocketExtension{name='permessage-deflate', parameters=[{'client_max_window_bits': 'null'}]} 
2020-07-22 12:10:59,189 [main] INFO  vegas.env - 
-=[vegas started successfully using the development profile]=- 
2020-07-22 12:10:59,871 [main] DEBUG org.jboss.logging - Logging Provider: org.jboss.logging.Slf4jLoggerProvider 
2020-07-22 12:10:59,886 [main] INFO  io.undertow - starting server: Undertow - 2.1.3.Final 
2020-07-22 12:10:59,906 [main] INFO  org.xnio - XNIO version 3.8.0.Final 
2020-07-22 12:11:00,075 [main] INFO  org.jboss.threads - JBoss Threads version 3.1.0.Final 
2020-07-22 12:11:00,105 [main] DEBUG io.undertow - Configuring listener with protocol HTTP for interface 0.0.0.0 and port 4000 
2020-07-22 12:11:00,167 [main] INFO  luminus.http-server - server started on port 4000 
2020-07-22 12:11:00,167 [main] INFO  vegas.nrepl - starting nREPL server on port 7000 
2020-07-22 12:11:00,187 [main] INFO  vegas.core - #'vegas.config/env started 
2020-07-22 12:11:00,187 [main] INFO  vegas.core - #'vegas.handler/init-app started 
2020-07-22 12:11:00,187 [main] INFO  vegas.core - #'vegas.handler/app-routes started 
2020-07-22 12:11:00,187 [main] INFO  vegas.core - #'vegas.core/http-server started 
2020-07-22 12:11:00,187 [main] INFO  vegas.core - #'vegas.core/repl-server started 
2020-07-22 12:11:48,289 [main] DEBUG org.jboss.logging - Logging Provider: org.jboss.logging.Slf4jLoggerProvider 
2020-07-22 12:11:49,039 [main] INFO  io.undertow - starting server: Undertow - 2.1.3.Final 
2020-07-22 12:11:49,055 [main] INFO  org.xnio - XNIO version 3.8.0.Final 
2020-07-22 12:11:49,173 [main] INFO  org.jboss.threads - JBoss Threads version 3.1.0.Final 
2020-07-22 12:11:49,193 [main] DEBUG io.undertow - Configuring listener with protocol HTTP for interface 0.0.0.0 and port 9630 
2020-07-22 12:12:39,767 [XNIO-1 I/O-8] DEBUG i.undertow.websockets.core.extension - Negotiated extension WebSocketExtension{name='permessage-deflate', parameters=[]} for handshake WebSocketExtension{name='permessage-deflate', parameters=[{'client_max_window_bits': 'null'}]} 
2020-07-22 15:30:22,524 [XNIO-1 I/O-5] DEBUG i.undertow.websockets.core.extension - Negotiated extension WebSocketExtension{name='permessage-deflate', parameters=[]} for handshake WebSocketExtension{name='permessage-deflate', parameters=[{'client_max_window_bits': 'null'}]} 
2020-07-22 15:37:40,747 [XNIO-1 I/O-7] DEBUG i.undertow.websockets.core.extension - Negotiated extension WebSocketExtension{name='permessage-deflate', parameters=[]} for handshake WebSocketExtension{name='permessage-deflate', parameters=[{'client_max_window_bits': 'null'}]} 
2020-07-22 17:07:42,787 [main] INFO  vegas.env - 
-=[vegas started successfully using the development profile]=- 
2020-07-22 17:07:43,667 [main] DEBUG org.jboss.logging - Logging Provider: org.jboss.logging.Slf4jLoggerProvider 
2020-07-22 17:07:43,684 [main] INFO  io.undertow - starting server: Undertow - 2.1.3.Final 
2020-07-22 17:07:43,716 [main] INFO  org.xnio - XNIO version 3.8.0.Final 
2020-07-22 17:07:43,901 [main] INFO  org.jboss.threads - JBoss Threads version 3.1.0.Final 
2020-07-22 17:07:43,940 [main] DEBUG io.undertow - Configuring listener with protocol HTTP for interface 0.0.0.0 and port 4000 
2020-07-22 17:07:44,010 [main] INFO  luminus.http-server - server started on port 4000 
2020-07-22 17:07:44,010 [main] INFO  vegas.nrepl - starting nREPL server on port 7000 
2020-07-22 17:07:44,035 [main] INFO  vegas.core - #'vegas.config/env started 
2020-07-22 17:07:44,035 [main] INFO  vegas.core - #'vegas.handler/init-app started 
2020-07-22 17:07:44,035 [main] INFO  vegas.core - #'vegas.handler/app-routes started 
2020-07-22 17:07:44,035 [main] INFO  vegas.core - #'vegas.core/http-server started 
2020-07-22 17:07:44,036 [main] INFO  vegas.core - #'vegas.core/repl-server started 
2020-07-22 17:08:05,594 [main] DEBUG org.jboss.logging - Logging Provider: org.jboss.logging.Slf4jLoggerProvider 
2020-07-22 17:08:06,354 [main] INFO  io.undertow - starting server: Undertow - 2.1.3.Final 
2020-07-22 17:08:06,371 [main] INFO  org.xnio - XNIO version 3.8.0.Final 
2020-07-22 17:08:06,484 [main] INFO  org.jboss.threads - JBoss Threads version 3.1.0.Final 
2020-07-22 17:08:06,505 [main] DEBUG io.undertow - Configuring listener with protocol HTTP for interface 0.0.0.0 and port 9630 
2020-07-22 17:11:28,003 [main] DEBUG org.jboss.logging - Logging Provider: org.jboss.logging.Slf4jLoggerProvider 
2020-07-22 17:11:28,714 [main] INFO  io.undertow - starting server: Undertow - 2.1.3.Final 
2020-07-22 17:11:28,729 [main] INFO  org.xnio - XNIO version 3.8.0.Final 
2020-07-22 17:11:28,837 [main] INFO  org.jboss.threads - JBoss Threads version 3.1.0.Final 
2020-07-22 17:11:28,856 [main] DEBUG io.undertow - Configuring listener with protocol HTTP for interface 0.0.0.0 and port 9630 
2020-07-22 17:13:24,446 [XNIO-1 I/O-7] DEBUG i.undertow.websockets.core.extension - Negotiated extension WebSocketExtension{name='permessage-deflate', parameters=[]} for handshake WebSocketExtension{name='permessage-deflate', parameters=[{'client_max_window_bits': 'null'}]} 
2020-07-22 17:31:21,788 [XNIO-1 I/O-8] DEBUG i.undertow.websockets.core.extension - Negotiated extension WebSocketExtension{name='permessage-deflate', parameters=[]} for handshake WebSocketExtension{name='permessage-deflate', parameters=[{'client_max_window_bits': 'null'}]} 
